This is pdfTeX, Version 3.141592653-2.6-1.40.25 (TeX Live 2023/Debian) (preloaded format=pdflatex 2026.4.6)  6 APR 2026 11:27
entering extended mode
 restricted \write18 enabled.
 %&-line parsing enabled.
**report.tex
(./report.tex
LaTeX2e <2023-11-01> patch level 1
L3 programming layer <2024-01-22>
(/usr/share/texlive/texmf-dist/tex/latex/base/article.cls
Document Class: article 2023/05/17 v1.4n Standard LaTeX document class
(/usr/share/texlive/texmf-dist/tex/latex/base/size12.clo
File: size12.clo 2023/05/17 v1.4n Standard LaTeX file (size option)
)
\c@part=\count187
\c@section=\count188
\c@subsection=\count189
\c@subsubsection=\count190
\c@paragraph=\count191
\c@subparagraph=\count192
\c@figure=\count193
\c@table=\count194
\abovecaptionskip=\skip48
\belowcaptionskip=\skip49
\bibindent=\dimen140
)
(/usr/share/texlive/texmf-dist/tex/latex/base/inputenc.sty
Package: inputenc 2021/02/14 v1.3d Input encoding file
\inpenc@prehook=\toks17
\inpenc@posthook=\toks18
)
(/usr/share/texlive/texmf-dist/tex/latex/base/fontenc.sty
Package: fontenc 2021/04/29 v2.0v Standard LaTeX package
)
(/usr/share/texmf/tex/latex/lm/lmodern.sty
Package: lmodern 2015/05/01 v1.6.1 Latin Modern Fonts
LaTeX Font Info:    Overwriting symbol font `operators' in version `normal'
(Font)                  OT1/cmr/m/n --> OT1/lmr/m/n on input line 22.
LaTeX Font Info:    Overwriting symbol font `letters' in version `normal'
(Font)                  OML/cmm/m/it --> OML/lmm/m/it on input line 23.
LaTeX Font Info:    Overwriting symbol font `symbols' in version `normal'
(Font)                  OMS/cmsy/m/n --> OMS/lmsy/m/n on input line 24.
LaTeX Font Info:    Overwriting symbol font `largesymbols' in version `normal'
(Font)                  OMX/cmex/m/n --> OMX/lmex/m/n on input line 25.
LaTeX Font Info:    Overwriting symbol font `operators' in version `bold'
(Font)                  OT1/cmr/bx/n --> OT1/lmr/bx/n on input line 26.
LaTeX Font Info:    Overwriting symbol font `letters' in version `bold'
(Font)                  OML/cmm/b/it --> OML/lmm/b/it on input line 27.
LaTeX Font Info:    Overwriting symbol font `symbols' in version `bold'
(Font)                  OMS/cmsy/b/n --> OMS/lmsy/b/n on input line 28.
LaTeX Font Info:    Overwriting symbol font `largesymbols' in version `bold'
(Font)                  OMX/cmex/m/n --> OMX/lmex/m/n on input line 29.
LaTeX Font Info:    Overwriting math alphabet `\mathbf' in version `normal'
(Font)                  OT1/cmr/bx/n --> OT1/lmr/bx/n on input line 31.
LaTeX Font Info:    Overwriting math alphabet `\mathsf' in version `normal'
(Font)                  OT1/cmss/m/n --> OT1/lmss/m/n on input line 32.
LaTeX Font Info:    Overwriting math alphabet `\mathit' in version `normal'
(Font)                  OT1/cmr/m/it --> OT1/lmr/m/it on input line 33.
LaTeX Font Info:    Overwriting math alphabet `\mathtt' in version `normal'
(Font)                  OT1/cmtt/m/n --> OT1/lmtt/m/n on input line 34.
LaTeX Font Info:    Overwriting math alphabet `\mathbf' in version `bold'
(Font)                  OT1/cmr/bx/n --> OT1/lmr/bx/n on input line 35.
LaTeX Font Info:    Overwriting math alphabet `\mathsf' in version `bold'
(Font)                  OT1/cmss/bx/n --> OT1/lmss/bx/n on input line 36.
LaTeX Font Info:    Overwriting math alphabet `\mathit' in version `bold'
(Font)                  OT1/cmr/bx/it --> OT1/lmr/bx/it on input line 37.
LaTeX Font Info:    Overwriting math alphabet `\mathtt' in version `bold'
(Font)                  OT1/cmtt/m/n --> OT1/lmtt/m/n on input line 38.
)
(/usr/share/texlive/texmf-dist/tex/latex/geometry/geometry.sty
Package: geometry 2020/01/02 v5.9 Page Geometry

(/usr/share/texlive/texmf-dist/tex/latex/graphics/keyval.sty
Package: keyval 2022/05/29 v1.15 key=value parser (DPC)
\KV@toks@=\toks19
)
(/usr/share/texlive/texmf-dist/tex/generic/iftex/ifvtex.sty
Package: ifvtex 2019/10/25 v1.7 ifvtex legacy package. Use iftex instead.

(/usr/share/texlive/texmf-dist/tex/generic/iftex/iftex.sty
Package: iftex 2022/02/03 v1.0f TeX engine tests
))
\Gm@cnth=\count195
\Gm@cntv=\count196
\c@Gm@tempcnt=\count197
\Gm@bindingoffset=\dimen141
\Gm@wd@mp=\dimen142
\Gm@odd@mp=\dimen143
\Gm@even@mp=\dimen144
\Gm@layoutwidth=\dimen145
\Gm@layoutheight=\dimen146
\Gm@layouthoffset=\dimen147
\Gm@layoutvoffset=\dimen148
\Gm@dimlist=\toks20
)
(/usr/share/texlive/texmf-dist/tex/latex/graphics/graphicx.sty
Package: graphicx 2021/09/16 v1.2d Enhanced LaTeX Graphics (DPC,SPQR)

(/usr/share/texlive/texmf-dist/tex/latex/graphics/graphics.sty
Package: graphics 2022/03/10 v1.4e Standard LaTeX Graphics (DPC,SPQR)

(/usr/share/texlive/texmf-dist/tex/latex/graphics/trig.sty
Package: trig 2021/08/11 v1.11 sin cos tan (DPC)
)
(/usr/share/texlive/texmf-dist/tex/latex/graphics-cfg/graphics.cfg
File: graphics.cfg 2016/06/04 v1.11 sample graphics configuration
)
Package graphics Info: Driver file: pdftex.def on input line 107.

(/usr/share/texlive/texmf-dist/tex/latex/graphics-def/pdftex.def
File: pdftex.def 2022/09/22 v1.2b Graphics/color driver for pdftex
))
\Gin@req@height=\dimen149
\Gin@req@width=\dimen150
)
(/usr/share/texlive/texmf-dist/tex/latex/amsmath/amsmath.sty
Package: amsmath 2023/05/13 v2.17o AMS math features
\@mathmargin=\skip50

For additional information on amsmath, use the `?' option.
(/usr/share/texlive/texmf-dist/tex/latex/amsmath/amstext.sty
Package: amstext 2021/08/26 v2.01 AMS text

(/usr/share/texlive/texmf-dist/tex/latex/amsmath/amsgen.sty
File: amsgen.sty 1999/11/30 v2.0 generic functions
\@emptytoks=\toks21
\ex@=\dimen151
))
(/usr/share/texlive/texmf-dist/tex/latex/amsmath/amsbsy.sty
Package: amsbsy 1999/11/29 v1.2d Bold Symbols
\pmbraise@=\dimen152
)
(/usr/share/texlive/texmf-dist/tex/latex/amsmath/amsopn.sty
Package: amsopn 2022/04/08 v2.04 operator names
)
\inf@bad=\count198
LaTeX Info: Redefining \frac on input line 234.
\uproot@=\count199
\leftroot@=\count266
LaTeX Info: Redefining \overline on input line 399.
LaTeX Info: Redefining \colon on input line 410.
\classnum@=\count267
\DOTSCASE@=\count268
LaTeX Info: Redefining \ldots on input line 496.
LaTeX Info: Redefining \dots on input line 499.
LaTeX Info: Redefining \cdots on input line 620.
\Mathstrutbox@=\box51
\strutbox@=\box52
LaTeX Info: Redefining \big on input line 722.
LaTeX Info: Redefining \Big on input line 723.
LaTeX Info: Redefining \bigg on input line 724.
LaTeX Info: Redefining \Bigg on input line 725.
\big@size=\dimen153
LaTeX Font Info:    Redeclaring font encoding OML on input line 743.
LaTeX Font Info:    Redeclaring font encoding OMS on input line 744.
\macc@depth=\count269
LaTeX Info: Redefining \bmod on input line 905.
LaTeX Info: Redefining \pmod on input line 910.
LaTeX Info: Redefining \smash on input line 940.
LaTeX Info: Redefining \relbar on input line 970.
LaTeX Info: Redefining \Relbar on input line 971.
\c@MaxMatrixCols=\count270
\dotsspace@=\muskip16
\c@parentequation=\count271
\dspbrk@lvl=\count272
\tag@help=\toks22
\row@=\count273
\column@=\count274
\maxfields@=\count275
\andhelp@=\toks23
\eqnshift@=\dimen154
\alignsep@=\dimen155
\tagshift@=\dimen156
\tagwidth@=\dimen157
\totwidth@=\dimen158
\lineht@=\dimen159
\@envbody=\toks24
\multlinegap=\skip51
\multlinetaggap=\skip52
\mathdisplay@stack=\toks25
LaTeX Info: Redefining \[ on input line 2953.
LaTeX Info: Redefining \] on input line 2954.
)
(/usr/share/texlive/texmf-dist/tex/latex/amsfonts/amssymb.sty
Package: amssymb 2013/01/14 v3.01 AMS font symbols

(/usr/share/texlive/texmf-dist/tex/latex/amsfonts/amsfonts.sty
Package: amsfonts 2013/01/14 v3.01 Basic AMSFonts support
\symAMSa=\mathgroup4
\symAMSb=\mathgroup5
LaTeX Font Info:    Redeclaring math symbol \hbar on input line 98.
LaTeX Font Info:    Overwriting math alphabet `\mathfrak' in version `bold'
(Font)                  U/euf/m/n --> U/euf/b/n on input line 106.
))
(/usr/share/texlive/texmf-dist/tex/latex/booktabs/booktabs.sty
Package: booktabs 2020/01/12 v1.61803398 Publication quality tables
\heavyrulewidth=\dimen160
\lightrulewidth=\dimen161
\cmidrulewidth=\dimen162
\belowrulesep=\dimen163
\belowbottomsep=\dimen164
\aboverulesep=\dimen165
\abovetopsep=\dimen166
\cmidrulesep=\dimen167
\cmidrulekern=\dimen168
\defaultaddspace=\dimen169
\@cmidla=\count276
\@cmidlb=\count277
\@aboverulesep=\dimen170
\@belowrulesep=\dimen171
\@thisruleclass=\count278
\@lastruleclass=\count279
\@thisrulewidth=\dimen172
)
(/usr/share/texlive/texmf-dist/tex/latex/multirow/multirow.sty
Package: multirow 2021/03/15 v2.8 Span multiple rows of a table
\multirow@colwidth=\skip53
\multirow@cntb=\count280
\multirow@dima=\skip54
\bigstrutjot=\dimen173
)
(/usr/share/texlive/texmf-dist/tex/latex/caption/caption.sty
Package: caption 2023/08/05 v3.6o Customizing captions (AR)

(/usr/share/texlive/texmf-dist/tex/latex/caption/caption3.sty
Package: caption3 2023/07/31 v2.4d caption3 kernel (AR)
\caption@tempdima=\dimen174
\captionmargin=\dimen175
\caption@leftmargin=\dimen176
\caption@rightmargin=\dimen177
\caption@width=\dimen178
\caption@indent=\dimen179
\caption@parindent=\dimen180
\caption@hangindent=\dimen181
Package caption Info: Standard document class detected.
)
\c@caption@flags=\count281
\c@continuedfloat=\count282
)
(/usr/share/texlive/texmf-dist/tex/latex/caption/subcaption.sty
Package: subcaption 2023/07/28 v1.6b Sub-captions (AR)
Package caption Info: New subtype `subfigure' on input line 238.
\c@subfigure=\count283
Package caption Info: New subtype `subtable' on input line 238.
\c@subtable=\count284
)
(/usr/share/texlive/texmf-dist/tex/latex/float/float.sty
Package: float 2001/11/08 v1.3d Float enhancements (AL)
\c@float@type=\count285
\float@exts=\toks26
\float@box=\box53
\@float@everytoks=\toks27
\@floatcapt=\box54
)
(/usr/share/texlive/texmf-dist/tex/latex/hyperref/hyperref.sty
Package: hyperref 2024-01-20 v7.01h Hypertext links for LaTeX

(/usr/share/texlive/texmf-dist/tex/latex/kvsetkeys/kvsetkeys.sty
Package: kvsetkeys 2022-10-05 v1.19 Key value parser (HO)
)
(/usr/share/texlive/texmf-dist/tex/generic/kvdefinekeys/kvdefinekeys.sty
Package: kvdefinekeys 2019-12-19 v1.6 Define keys (HO)
)
(/usr/share/texlive/texmf-dist/tex/generic/pdfescape/pdfescape.sty
Package: pdfescape 2019/12/09 v1.15 Implements pdfTeX's escape features (HO)

(/usr/share/texlive/texmf-dist/tex/generic/ltxcmds/ltxcmds.sty
Package: ltxcmds 2023-12-04 v1.26 LaTeX kernel commands for general use (HO)
)
(/usr/share/texlive/texmf-dist/tex/generic/pdftexcmds/pdftexcmds.sty
Package: pdftexcmds 2020-06-27 v0.33 Utility functions of pdfTeX for LuaTeX (HO
)

(/usr/share/texlive/texmf-dist/tex/generic/infwarerr/infwarerr.sty
Package: infwarerr 2019/12/03 v1.5 Providing info/warning/error messages (HO)
)
Package pdftexcmds Info: \pdf@primitive is available.
Package pdftexcmds Info: \pdf@ifprimitive is available.
Package pdftexcmds Info: \pdfdraftmode found.
))
(/usr/share/texlive/texmf-dist/tex/latex/hycolor/hycolor.sty
Package: hycolor 2020-01-27 v1.10 Color options for hyperref/bookmark (HO)
)
(/usr/share/texlive/texmf-dist/tex/latex/auxhook/auxhook.sty
Package: auxhook 2019-12-17 v1.6 Hooks for auxiliary files (HO)
)
(/usr/share/texlive/texmf-dist/tex/latex/hyperref/nameref.sty
Package: nameref 2023-11-26 v2.56 Cross-referencing by name of section

(/usr/share/texlive/texmf-dist/tex/latex/refcount/refcount.sty
Package: refcount 2019/12/15 v3.6 Data extraction from label references (HO)
)
(/usr/share/texlive/texmf-dist/tex/generic/gettitlestring/gettitlestring.sty
Package: gettitlestring 2019/12/15 v1.6 Cleanup title references (HO)

(/usr/share/texlive/texmf-dist/tex/latex/kvoptions/kvoptions.sty
Package: kvoptions 2022-06-15 v3.15 Key value format for package options (HO)
))
\c@section@level=\count286
)
(/usr/share/texlive/texmf-dist/tex/latex/etoolbox/etoolbox.sty
Package: etoolbox 2020/10/05 v2.5k e-TeX tools for LaTeX (JAW)
\etb@tempcnta=\count287
)
\@linkdim=\dimen182
\Hy@linkcounter=\count288
\Hy@pagecounter=\count289

(/usr/share/texlive/texmf-dist/tex/latex/hyperref/pd1enc.def
File: pd1enc.def 2024-01-20 v7.01h Hyperref: PDFDocEncoding definition (HO)
Now handling font encoding PD1 ...
... no UTF-8 mapping file for font encoding PD1
)
(/usr/share/texlive/texmf-dist/tex/generic/intcalc/intcalc.sty
Package: intcalc 2019/12/15 v1.3 Expandable calculations with integers (HO)
)
\Hy@SavedSpaceFactor=\count290

(/usr/share/texlive/texmf-dist/tex/latex/hyperref/puenc.def
File: puenc.def 2024-01-20 v7.01h Hyperref: PDF Unicode definition (HO)
Now handling font encoding PU ...
... no UTF-8 mapping file for font encoding PU
)
Package hyperref Info: Hyper figures OFF on input line 4179.
Package hyperref Info: Link nesting OFF on input line 4184.
Package hyperref Info: Hyper index ON on input line 4187.
Package hyperref Info: Plain pages OFF on input line 4194.
Package hyperref Info: Backreferencing OFF on input line 4199.
Package hyperref Info: Implicit mode ON; LaTeX internals redefined.
Package hyperref Info: Bookmarks ON on input line 4446.
\c@Hy@tempcnt=\count291

(/usr/share/texlive/texmf-dist/tex/latex/url/url.sty
\Urlmuskip=\muskip17
Package: url 2013/09/16  ver 3.4  Verb mode for urls, etc.
)
LaTeX Info: Redefining \url on input line 4784.
\XeTeXLinkMargin=\dimen183

(/usr/share/texlive/texmf-dist/tex/generic/bitset/bitset.sty
Package: bitset 2019/12/09 v1.3 Handle bit-vector datatype (HO)

(/usr/share/texlive/texmf-dist/tex/generic/bigintcalc/bigintcalc.sty
Package: bigintcalc 2019/12/15 v1.5 Expandable calculations on big integers (HO
)
))
\Fld@menulength=\count292
\Field@Width=\dimen184
\Fld@charsize=\dimen185
Package hyperref Info: Hyper figures OFF on input line 6063.
Package hyperref Info: Link nesting OFF on input line 6068.
Package hyperref Info: Hyper index ON on input line 6071.
Package hyperref Info: backreferencing OFF on input line 6078.
Package hyperref Info: Link coloring OFF on input line 6083.
Package hyperref Info: Link coloring with OCG OFF on input line 6088.
Package hyperref Info: PDF/A mode OFF on input line 6093.

(/usr/share/texlive/texmf-dist/tex/latex/base/atbegshi-ltx.sty
Package: atbegshi-ltx 2021/01/10 v1.0c Emulation of the original atbegshi
package with kernel methods
)
\Hy@abspage=\count293
\c@Item=\count294
\c@Hfootnote=\count295
)
Package hyperref Info: Driver (autodetected): hpdftex.

(/usr/share/texlive/texmf-dist/tex/latex/hyperref/hpdftex.def
File: hpdftex.def 2024-01-20 v7.01h Hyperref driver for pdfTeX

(/usr/share/texlive/texmf-dist/tex/latex/base/atveryend-ltx.sty
Package: atveryend-ltx 2020/08/19 v1.0a Emulation of the original atveryend pac
kage
with kernel methods
)
\Fld@listcount=\count296
\c@bookmark@seq@number=\count297

(/usr/share/texlive/texmf-dist/tex/latex/rerunfilecheck/rerunfilecheck.sty
Package: rerunfilecheck 2022-07-10 v1.10 Rerun checks for auxiliary files (HO)

(/usr/share/texlive/texmf-dist/tex/generic/uniquecounter/uniquecounter.sty
Package: uniquecounter 2019/12/15 v1.4 Provide unlimited unique counter (HO)
)
Package uniquecounter Info: New unique counter `rerunfilecheck' on input line 2
85.
)
\Hy@SectionHShift=\skip55
)
(/usr/share/texlive/texmf-dist/tex/latex/xcolor/xcolor.sty
Package: xcolor 2023/11/15 v3.01 LaTeX color extensions (UK)

(/usr/share/texlive/texmf-dist/tex/latex/graphics-cfg/color.cfg
File: color.cfg 2016/01/02 v1.6 sample color configuration
)
Package xcolor Info: Driver file: pdftex.def on input line 274.

(/usr/share/texlive/texmf-dist/tex/latex/graphics/mathcolor.ltx)
Package xcolor Info: Model `cmy' substituted by `cmy0' on input line 1350.
Package xcolor Info: Model `hsb' substituted by `rgb' on input line 1354.
Package xcolor Info: Model `RGB' extended on input line 1366.
Package xcolor Info: Model `HTML' substituted by `rgb' on input line 1368.
Package xcolor Info: Model `Hsb' substituted by `hsb' on input line 1369.
Package xcolor Info: Model `tHsb' substituted by `hsb' on input line 1370.
Package xcolor Info: Model `HSB' substituted by `hsb' on input line 1371.
Package xcolor Info: Model `Gray' substituted by `gray' on input line 1372.
Package xcolor Info: Model `wave' substituted by `hsb' on input line 1373.
)
(/usr/share/texlive/texmf-dist/tex/latex/enumitem/enumitem.sty
Package: enumitem 2019/06/20 v3.9 Customized lists
\labelindent=\skip56
\enit@outerparindent=\dimen186
\enit@toks=\toks28
\enit@inbox=\box55
\enit@count@id=\count298
\enitdp@description=\count299
)
(/usr/share/texlive/texmf-dist/tex/latex/tools/tabularx.sty
Package: tabularx 2023/07/08 v2.11c `tabularx' package (DPC)

(/usr/share/texlive/texmf-dist/tex/latex/tools/array.sty
Package: array 2023/10/16 v2.5g Tabular extension package (FMi)
\col@sep=\dimen187
\ar@mcellbox=\box56
\extrarowheight=\dimen188
\NC@list=\toks29
\extratabsurround=\skip57
\backup@length=\skip58
\ar@cellbox=\box57
)
\TX@col@width=\dimen189
\TX@old@table=\dimen190
\TX@old@col=\dimen191
\TX@target=\dimen192
\TX@delta=\dimen193
\TX@cols=\count300
\TX@ftn=\toks30
)
(/usr/share/texlive/texmf-dist/tex/latex/tools/longtable.sty
Package: longtable 2023-11-01 v4.19 Multi-page Table package (DPC)
\LTleft=\skip59
\LTright=\skip60
\LTpre=\skip61
\LTpost=\skip62
\LTchunksize=\count301
\LTcapwidth=\dimen194
\LT@head=\box58
\LT@firsthead=\box59
\LT@foot=\box60
\LT@lastfoot=\box61
\LT@gbox=\box62
\LT@cols=\count302
\LT@rows=\count303
\c@LT@tables=\count304
\c@LT@chunks=\count305
\LT@p@ftn=\toks31
)
(/usr/share/texlive/texmf-dist/tex/latex/fancyhdr/fancyhdr.sty
Package: fancyhdr 2022/11/09 v4.1 Extensive control of page headers and footers

\f@nch@headwidth=\skip63
\f@nch@O@elh=\skip64
\f@nch@O@erh=\skip65
\f@nch@O@olh=\skip66
\f@nch@O@orh=\skip67
\f@nch@O@elf=\skip68
\f@nch@O@erf=\skip69
\f@nch@O@olf=\skip70
\f@nch@O@orf=\skip71
)
(/usr/share/texlive/texmf-dist/tex/latex/titlesec/titlesec.sty
Package: titlesec 2023/10/27 v2.16 Sectioning titles
\ttl@box=\box63
\beforetitleunit=\skip72
\aftertitleunit=\skip73
\ttl@plus=\dimen195
\ttl@minus=\dimen196
\ttl@toksa=\toks32
\titlewidth=\dimen197
\titlewidthlast=\dimen198
\titlewidthfirst=\dimen199
)
(/usr/share/texlive/texmf-dist/tex/latex/setspace/setspace.sty
Package: setspace 2022/12/04 v6.7b set line spacing
)
(/usr/share/texlive/texmf-dist/tex/latex/algorithms/algorithm.sty
Package: algorithm 2009/08/24 v0.1 Document Style `algorithm' - floating enviro
nment

(/usr/share/texlive/texmf-dist/tex/latex/base/ifthen.sty
Package: ifthen 2022/04/13 v1.1d Standard LaTeX ifthen package (DPC)
)
\@float@every@algorithm=\toks33
\c@algorithm=\count306
)
(/usr/share/texlive/texmf-dist/tex/latex/algorithms/algorithmic.sty
Package: algorithmic 2009/08/24 v0.1 Document Style `algorithmic'
\c@ALC@unique=\count307
\c@ALC@line=\count308
\c@ALC@rem=\count309
\c@ALC@depth=\count310
\ALC@tlm=\skip74
\algorithmicindent=\skip75
)
Package hyperref Info: Option `colorlinks' set `true' on input line 34.
LaTeX Font Info:    Trying to load font information for T1+lmr on input line 55
.

(/usr/share/texmf/tex/latex/lm/t1lmr.fd
File: t1lmr.fd 2015/05/01 v1.6.1 Font defs for Latin Modern
)
(/usr/share/texlive/texmf-dist/tex/latex/l3backend/l3backend-pdftex.def
File: l3backend-pdftex.def 2024-01-04 L3 backend support: PDF output (pdfTeX)
\l__color_backend_stack_int=\count311
\l__pdf_internal_box=\box64
)
(./report.aux)
\openout1 = `report.aux'.

LaTeX Font Info:    Checking defaults for OML/cmm/m/it on input line 55.
LaTeX Font Info:    ... okay on input line 55.
LaTeX Font Info:    Checking defaults for OMS/cmsy/m/n on input line 55.
LaTeX Font Info:    ... okay on input line 55.
LaTeX Font Info:    Checking defaults for OT1/cmr/m/n on input line 55.
LaTeX Font Info:    ... okay on input line 55.
LaTeX Font Info:    Checking defaults for T1/cmr/m/n on input line 55.
LaTeX Font Info:    ... okay on input line 55.
LaTeX Font Info:    Checking defaults for TS1/cmr/m/n on input line 55.
LaTeX Font Info:    ... okay on input line 55.
LaTeX Font Info:    Checking defaults for OMX/cmex/m/n on input line 55.
LaTeX Font Info:    ... okay on input line 55.
LaTeX Font Info:    Checking defaults for U/cmr/m/n on input line 55.
LaTeX Font Info:    ... okay on input line 55.
LaTeX Font Info:    Checking defaults for PD1/pdf/m/n on input line 55.
LaTeX Font Info:    ... okay on input line 55.
LaTeX Font Info:    Checking defaults for PU/pdf/m/n on input line 55.
LaTeX Font Info:    ... okay on input line 55.

*geometry* driver: auto-detecting
*geometry* detected driver: pdftex
*geometry* verbose mode - [ preamble ] result:
* driver: pdftex
* paper: a4paper
* layout: <same size as paper>
* layoutoffset:(h,v)=(0.0pt,0.0pt)
* modes: 
* h-part:(L,W,R)=(72.26999pt, 452.9679pt, 72.26999pt)
* v-part:(T,H,B)=(72.26999pt, 700.50687pt, 72.26999pt)
* \paperwidth=597.50787pt
* \paperheight=845.04684pt
* \textwidth=452.9679pt
* \textheight=700.50687pt
* \oddsidemargin=0.0pt
* \evensidemargin=0.0pt
* \topmargin=-37.0pt
* \headheight=12.0pt
* \headsep=25.0pt
* \topskip=12.0pt
* \footskip=30.0pt
* \marginparwidth=35.0pt
* \marginparsep=10.0pt
* \columnsep=10.0pt
* \skip\footins=10.8pt plus 4.0pt minus 2.0pt
* \hoffset=0.0pt
* \voffset=0.0pt
* \mag=1000
* \@twocolumnfalse
* \@twosidefalse
* \@mparswitchfalse
* \@reversemarginfalse
* (1in=72.27pt=25.4mm, 1cm=28.453pt)

(/usr/share/texlive/texmf-dist/tex/context/base/mkii/supp-pdf.mkii
[Loading MPS to PDF converter (version 2006.09.02).]
\scratchcounter=\count312
\scratchdimen=\dimen256
\scratchbox=\box65
\nofMPsegments=\count313
\nofMParguments=\count314
\everyMPshowfont=\toks34
\MPscratchCnt=\count315
\MPscratchDim=\dimen257
\MPnumerator=\count316
\makeMPintoPDFobject=\count317
\everyMPtoPDFconversion=\toks35
) (/usr/share/texlive/texmf-dist/tex/latex/epstopdf-pkg/epstopdf-base.sty
Package: epstopdf-base 2020-01-24 v2.11 Base part for package epstopdf
Package epstopdf-base Info: Redefining graphics rule for `.eps' on input line 4
85.

(/usr/share/texlive/texmf-dist/tex/latex/latexconfig/epstopdf-sys.cfg
File: epstopdf-sys.cfg 2010/07/13 v1.3 Configuration of (r)epstopdf for TeX Liv
e
))
Package caption Info: Begin \AtBeginDocument code.
Package caption Info: float package is loaded.
Package caption Info: hyperref package is loaded.
Package caption Info: longtable package is loaded.

(/usr/share/texlive/texmf-dist/tex/latex/caption/ltcaption.sty
Package: ltcaption 2021/01/08 v1.4c longtable captions (AR)
)
Package caption Info: End \AtBeginDocument code.
Package hyperref Info: Link coloring ON on input line 55.
 (./report.out)
(./report.out)
\@outlinefile=\write3
\openout3 = `report.out'.



! LaTeX Error: There's no line here to end.

See the LaTeX manual or LaTeX Companion for explanation.
Type  H <return>  for immediate help.
 ...                                              
                                                  
l.86 \\
       
Your command was ignored.
Type  I <command> <return>  to replace it with another command,
or  <return>  to continue without it.

LaTeX Font Info:    Trying to load font information for OT1+lmr on input line 8
9.
(/usr/share/texmf/tex/latex/lm/ot1lmr.fd
File: ot1lmr.fd 2015/05/01 v1.6.1 Font defs for Latin Modern
)
LaTeX Font Info:    Trying to load font information for OML+lmm on input line 8
9.

(/usr/share/texmf/tex/latex/lm/omllmm.fd
File: omllmm.fd 2015/05/01 v1.6.1 Font defs for Latin Modern
)
LaTeX Font Info:    Trying to load font information for OMS+lmsy on input line 
89.

(/usr/share/texmf/tex/latex/lm/omslmsy.fd
File: omslmsy.fd 2015/05/01 v1.6.1 Font defs for Latin Modern
)
LaTeX Font Info:    Trying to load font information for OMX+lmex on input line 
89.

(/usr/share/texmf/tex/latex/lm/omxlmex.fd
File: omxlmex.fd 2015/05/01 v1.6.1 Font defs for Latin Modern
)
LaTeX Font Info:    External font `lmex10' loaded for size
(Font)              <12> on input line 89.
LaTeX Font Info:    External font `lmex10' loaded for size
(Font)              <8> on input line 89.
LaTeX Font Info:    External font `lmex10' loaded for size
(Font)              <6> on input line 89.
LaTeX Font Info:    Trying to load font information for U+msa on input line 89.


(/usr/share/texlive/texmf-dist/tex/latex/amsfonts/umsa.fd
File: umsa.fd 2013/01/14 v3.01 AMS symbols A
)
LaTeX Font Info:    Trying to load font information for U+msb on input line 89.


(/usr/share/texlive/texmf-dist/tex/latex/amsfonts/umsb.fd
File: umsb.fd 2013/01/14 v3.01 AMS symbols B
) [1

{/var/lib/texmf/fonts/map/pdftex/updmap/pdftex.map}{/usr/share/texmf/fonts/enc/
dvips/lm/lm-ec.enc}]

Package fancyhdr Warning: \headheight is too small (12.0pt): 
(fancyhdr)                Make it at least 13.59999pt, for example:
(fancyhdr)                \setlength{\headheight}{13.59999pt}.
(fancyhdr)                You might also make \topmargin smaller to compensate:

(fancyhdr)                \addtolength{\topmargin}{-1.59999pt}.


pdfTeX warning (ext4): destination with the same identifier (name{page.1}) has 
been already used, duplicate ignored
<to be read again> 
                   \relax 
l.109 \newpage
               [1] (./report.toc

Package fancyhdr Warning: \headheight is too small (12.0pt): 
(fancyhdr)                Make it at least 13.59999pt, for example:
(fancyhdr)                \setlength{\headheight}{13.59999pt}.
(fancyhdr)                You might also make \topmargin smaller to compensate:

(fancyhdr)                \addtolength{\topmargin}{-1.59999pt}.

[2])
\tf@toc=\write4
\openout4 = `report.toc'.



Package fancyhdr Warning: \headheight is too small (12.0pt): 
(fancyhdr)                Make it at least 13.59999pt, for example:
(fancyhdr)                \setlength{\headheight}{13.59999pt}.
(fancyhdr)                You might also make \topmargin smaller to compensate:

(fancyhdr)                \addtolength{\topmargin}{-1.59999pt}.

[3]
LaTeX Font Info:    Trying to load font information for TS1+lmr on input line 1
46.
 (/usr/share/texmf/tex/latex/lm/ts1lmr.fd
File: ts1lmr.fd 2015/05/01 v1.6.1 Font defs for Latin Modern
)

Package fancyhdr Warning: \headheight is too small (12.0pt): 
(fancyhdr)                Make it at least 13.59999pt, for example:
(fancyhdr)                \setlength{\headheight}{13.59999pt}.
(fancyhdr)                You might also make \topmargin smaller to compensate:

(fancyhdr)                \addtolength{\topmargin}{-1.59999pt}.

[4{/usr/share/texmf/fonts/enc/dvips/lm/lm-rm.enc}]

Package fancyhdr Warning: \headheight is too small (12.0pt): 
(fancyhdr)                Make it at least 13.59999pt, for example:
(fancyhdr)                \setlength{\headheight}{13.59999pt}.
(fancyhdr)                You might also make \topmargin smaller to compensate:

(fancyhdr)                \addtolength{\topmargin}{-1.59999pt}.

[5{/usr/share/texmf/fonts/enc/dvips/lm/lm-ts1.enc}{/usr/share/texmf/fonts/enc/d
vips/lm/lm-mathsy.enc}{/usr/share/texmf/fonts/enc/dvips/lm/lm-mathit.enc}]

Package fancyhdr Warning: \headheight is too small (12.0pt): 
(fancyhdr)                Make it at least 13.59999pt, for example:
(fancyhdr)                \setlength{\headheight}{13.59999pt}.
(fancyhdr)                You might also make \topmargin smaller to compensate:

(fancyhdr)                \addtolength{\topmargin}{-1.59999pt}.

[6]
LaTeX Font Info:    Trying to load font information for T1+lmtt on input line 2
67.
 (/usr/share/texmf/tex/latex/lm/t1lmtt.fd
File: t1lmtt.fd 2015/05/01 v1.6.1 Font defs for Latin Modern
)

Package fancyhdr Warning: \headheight is too small (12.0pt): 
(fancyhdr)                Make it at least 13.59999pt, for example:
(fancyhdr)                \setlength{\headheight}{13.59999pt}.
(fancyhdr)                You might also make \topmargin smaller to compensate:

(fancyhdr)                \addtolength{\topmargin}{-1.59999pt}.

[7{/usr/share/texmf/fonts/enc/dvips/lm/lm-mathex.enc}]

Package fancyhdr Warning: \headheight is too small (12.0pt): 
(fancyhdr)                Make it at least 13.59999pt, for example:
(fancyhdr)                \setlength{\headheight}{13.59999pt}.
(fancyhdr)                You might also make \topmargin smaller to compensate:

(fancyhdr)                \addtolength{\topmargin}{-1.59999pt}.

[8]

Package fancyhdr Warning: \headheight is too small (12.0pt): 
(fancyhdr)                Make it at least 13.59999pt, for example:
(fancyhdr)                \setlength{\headheight}{13.59999pt}.
(fancyhdr)                You might also make \topmargin smaller to compensate:

(fancyhdr)                \addtolength{\topmargin}{-1.59999pt}.

[9]
<figures/paper_scenarios/s1_throughput.png, id=349, 520.344pt x 325.215pt>
File: figures/paper_scenarios/s1_throughput.png Graphic file (type png)
<use figures/paper_scenarios/s1_throughput.png>
Package pdftex.def Info: figures/paper_scenarios/s1_throughput.png  used on inp
ut line 431.
(pdftex.def)             Requested size: 217.42265pt x 135.88966pt.
<figures/paper_scenarios/s1_delay.png, id=351, 520.344pt x 325.215pt>
File: figures/paper_scenarios/s1_delay.png Graphic file (type png)
<use figures/paper_scenarios/s1_delay.png>
Package pdftex.def Info: figures/paper_scenarios/s1_delay.png  used on input li
ne 437.
(pdftex.def)             Requested size: 217.42265pt x 135.88966pt.
<figures/paper_scenarios/s1_loss.png, id=352, 520.344pt x 325.215pt>
File: figures/paper_scenarios/s1_loss.png Graphic file (type png)
<use figures/paper_scenarios/s1_loss.png>
Package pdftex.def Info: figures/paper_scenarios/s1_loss.png  used on input lin
e 444.
(pdftex.def)             Requested size: 217.42265pt x 135.88966pt.
<figures/paper_scenarios/s1_jitter.png, id=353, 520.344pt x 325.215pt>
File: figures/paper_scenarios/s1_jitter.png Graphic file (type png)
<use figures/paper_scenarios/s1_jitter.png>
Package pdftex.def Info: figures/paper_scenarios/s1_jitter.png  used on input l
ine 450.
(pdftex.def)             Requested size: 217.42265pt x 135.88966pt.
<figures/paper_scenarios/s1_goodput.png, id=354, 520.344pt x 325.215pt>
File: figures/paper_scenarios/s1_goodput.png Graphic file (type png)
<use figures/paper_scenarios/s1_goodput.png>
Package pdftex.def Info: figures/paper_scenarios/s1_goodput.png  used on input 
line 457.
(pdftex.def)             Requested size: 217.42265pt x 135.88966pt.
<figures/paper_scenarios/s1_retx.png, id=355, 520.344pt x 325.215pt>
File: figures/paper_scenarios/s1_retx.png Graphic file (type png)
<use figures/paper_scenarios/s1_retx.png>
Package pdftex.def Info: figures/paper_scenarios/s1_retx.png  used on input lin
e 463.
(pdftex.def)             Requested size: 217.42265pt x 135.88966pt.


Package fancyhdr Warning: \headheight is too small (12.0pt): 
(fancyhdr)                Make it at least 13.59999pt, for example:
(fancyhdr)                \setlength{\headheight}{13.59999pt}.
(fancyhdr)                You might also make \topmargin smaller to compensate:

(fancyhdr)                \addtolength{\topmargin}{-1.59999pt}.

[10 <./figures/paper_scenarios/s1_throughput.png> <./figures/paper_scenarios/s1
_delay.png> <./figures/paper_scenarios/s1_loss.png> <./figures/paper_scenarios/
s1_jitter.png> <./figures/paper_scenarios/s1_goodput.png> <./figures/paper_scen
arios/s1_retx.png>]
Underfull \hbox (badness 1033) in paragraph at lines 475--476
[]\T1/lmr/m/n/12 Kalman achieves the low-est av-er-age de-lay (47.4ms) com-pare
d to NewReno
 []

<figures/paper_scenarios/s2_throughput.png, id=372, 520.344pt x 325.215pt>
File: figures/paper_scenarios/s2_throughput.png Graphic file (type png)
<use figures/paper_scenarios/s2_throughput.png>
Package pdftex.def Info: figures/paper_scenarios/s2_throughput.png  used on inp
ut line 512.
(pdftex.def)             Requested size: 217.42265pt x 135.88966pt.
<figures/paper_scenarios/s2_delay.png, id=373, 520.344pt x 325.215pt>
File: figures/paper_scenarios/s2_delay.png Graphic file (type png)
<use figures/paper_scenarios/s2_delay.png>
Package pdftex.def Info: figures/paper_scenarios/s2_delay.png  used on input li
ne 518.
(pdftex.def)             Requested size: 217.42265pt x 135.88966pt.
<figures/paper_scenarios/s2_loss.png, id=374, 520.344pt x 325.215pt>
File: figures/paper_scenarios/s2_loss.png Graphic file (type png)
<use figures/paper_scenarios/s2_loss.png>
Package pdftex.def Info: figures/paper_scenarios/s2_loss.png  used on input lin
e 525.
(pdftex.def)             Requested size: 217.42265pt x 135.88966pt.
<figures/paper_scenarios/s2_jitter.png, id=375, 520.344pt x 325.215pt>
File: figures/paper_scenarios/s2_jitter.png Graphic file (type png)
<use figures/paper_scenarios/s2_jitter.png>
Package pdftex.def Info: figures/paper_scenarios/s2_jitter.png  used on input l
ine 531.
(pdftex.def)             Requested size: 217.42265pt x 135.88966pt.
<figures/paper_scenarios/s2_goodput.png, id=376, 520.344pt x 325.215pt>
File: figures/paper_scenarios/s2_goodput.png Graphic file (type png)
<use figures/paper_scenarios/s2_goodput.png>
Package pdftex.def Info: figures/paper_scenarios/s2_goodput.png  used on input 
line 538.
(pdftex.def)             Requested size: 217.42265pt x 135.88966pt.

Package fancyhdr Warning: \headheight is too small (12.0pt): 
(fancyhdr)                Make it at least 13.59999pt, for example:
(fancyhdr)                \setlength{\headheight}{13.59999pt}.
(fancyhdr)                You might also make \topmargin smaller to compensate:

(fancyhdr)                \addtolength{\topmargin}{-1.59999pt}.

[11]

Package fancyhdr Warning: \headheight is too small (12.0pt): 
(fancyhdr)                Make it at least 13.59999pt, for example:
(fancyhdr)                \setlength{\headheight}{13.59999pt}.
(fancyhdr)                You might also make \topmargin smaller to compensate:

(fancyhdr)                \addtolength{\topmargin}{-1.59999pt}.

[12 <./figures/paper_scenarios/s2_throughput.png> <./figures/paper_scenarios/s2
_delay.png> <./figures/paper_scenarios/s2_loss.png> <./figures/paper_scenarios/
s2_jitter.png> <./figures/paper_scenarios/s2_goodput.png>]
<figures/assignment_wifi/wifi_nodes_throughput_Mbps.png, id=395, 814.12155pt x 
428.19975pt>
File: figures/assignment_wifi/wifi_nodes_throughput_Mbps.png Graphic file (type
 png)
<use figures/assignment_wifi/wifi_nodes_throughput_Mbps.png>
Package pdftex.def Info: figures/assignment_wifi/wifi_nodes_throughput_Mbps.png
  used on input line 584.
(pdftex.def)             Requested size: 217.42265pt x 114.35445pt.
<figures/assignment_wifi/wifi_nodes_delay_ms.png, id=396, 821.7099pt x 428.1997
5pt>
File: figures/assignment_wifi/wifi_nodes_delay_ms.png Graphic file (type png)
<use figures/assignment_wifi/wifi_nodes_delay_ms.png>
Package pdftex.def Info: figures/assignment_wifi/wifi_nodes_delay_ms.png  used 
on input line 590.
(pdftex.def)             Requested size: 217.42265pt x 113.29597pt.
<figures/assignment_wifi/wifi_nodes_pdr.png, id=397, 814.12155pt x 428.19975pt>

File: figures/assignment_wifi/wifi_nodes_pdr.png Graphic file (type png)
<use figures/assignment_wifi/wifi_nodes_pdr.png>
Package pdftex.def Info: figures/assignment_wifi/wifi_nodes_pdr.png  used on in
put line 597.
(pdftex.def)             Requested size: 217.42265pt x 114.35445pt.
<figures/assignment_wifi/wifi_nodes_energy_J.png, id=398, 829.29825pt x 428.199
75pt>
File: figures/assignment_wifi/wifi_nodes_energy_J.png Graphic file (type png)
<use figures/assignment_wifi/wifi_nodes_energy_J.png>
Package pdftex.def Info: figures/assignment_wifi/wifi_nodes_energy_J.png  used 
on input line 603.
(pdftex.def)             Requested size: 217.42265pt x 112.26364pt.
<figures/assignment_wifi/wifi_flows_throughput_Mbps.png, id=399, 818.0964pt x 4
28.19975pt>
File: figures/assignment_wifi/wifi_flows_throughput_Mbps.png Graphic file (type
 png)
<use figures/assignment_wifi/wifi_flows_throughput_Mbps.png>
Package pdftex.def Info: figures/assignment_wifi/wifi_flows_throughput_Mbps.png
  used on input line 616.
(pdftex.def)             Requested size: 217.42265pt x 113.79907pt.
<figures/assignment_wifi/wifi_flows_delay_ms.png, id=400, 821.7099pt x 428.1997
5pt>
File: figures/assignment_wifi/wifi_flows_delay_ms.png Graphic file (type png)
<use figures/assignment_wifi/wifi_flows_delay_ms.png>
Package pdftex.def Info: figures/assignment_wifi/wifi_flows_delay_ms.png  used 
on input line 621.
(pdftex.def)             Requested size: 217.42265pt x 113.29597pt.
<figures/assignment_wifi/wifi_flows_pdr.png, id=401, 814.12155pt x 428.19975pt>

File: figures/assignment_wifi/wifi_flows_pdr.png Graphic file (type png)
<use figures/assignment_wifi/wifi_flows_pdr.png>
Package pdftex.def Info: figures/assignment_wifi/wifi_flows_pdr.png  used on in
put line 627.
(pdftex.def)             Requested size: 217.42265pt x 114.35445pt.
<figures/assignment_wifi/wifi_flows_energy_J.png, id=402, 821.7099pt x 428.1997
5pt>
File: figures/assignment_wifi/wifi_flows_energy_J.png Graphic file (type png)
<use figures/assignment_wifi/wifi_flows_energy_J.png>
Package pdftex.def Info: figures/assignment_wifi/wifi_flows_energy_J.png  used 
on input line 632.
(pdftex.def)             Requested size: 217.42265pt x 113.29597pt.


Package fancyhdr Warning: \headheight is too small (12.0pt): 
(fancyhdr)                Make it at least 13.59999pt, for example:
(fancyhdr)                \setlength{\headheight}{13.59999pt}.
(fancyhdr)                You might also make \topmargin smaller to compensate:

(fancyhdr)                \addtolength{\topmargin}{-1.59999pt}.

[13 <./figures/assignment_wifi/wifi_nodes_throughput_Mbps.png> <./figures/assig
nment_wifi/wifi_nodes_delay_ms.png> <./figures/assignment_wifi/wifi_nodes_pdr.p
ng> <./figures/assignment_wifi/wifi_nodes_energy_J.png>]
<figures/assignment_wifi/wifi_pps_throughput_Mbps.png, id=413, 818.0964pt x 428
.19975pt>
File: figures/assignment_wifi/wifi_pps_throughput_Mbps.png Graphic file (type p
ng)
<use figures/assignment_wifi/wifi_pps_throughput_Mbps.png>
Package pdftex.def Info: figures/assignment_wifi/wifi_pps_throughput_Mbps.png  
used on input line 644.
(pdftex.def)             Requested size: 217.42265pt x 113.79907pt.
<figures/assignment_wifi/wifi_pps_delay_ms.png, id=414, 821.7099pt x 428.19975p
t>
File: figures/assignment_wifi/wifi_pps_delay_ms.png Graphic file (type png)
<use figures/assignment_wifi/wifi_pps_delay_ms.png>
Package pdftex.def Info: figures/assignment_wifi/wifi_pps_delay_ms.png  used on
 input line 649.
(pdftex.def)             Requested size: 217.42265pt x 113.29597pt.
<figures/assignment_wifi/wifi_pps_pdr.png, id=415, 825.68475pt x 428.19975pt>
File: figures/assignment_wifi/wifi_pps_pdr.png Graphic file (type png)
<use figures/assignment_wifi/wifi_pps_pdr.png>
Package pdftex.def Info: figures/assignment_wifi/wifi_pps_pdr.png  used on inpu
t line 655.
(pdftex.def)             Requested size: 217.42265pt x 112.75366pt.
<figures/assignment_wifi/wifi_pps_energy_J.png, id=416, 821.7099pt x 428.19975p
t>
File: figures/assignment_wifi/wifi_pps_energy_J.png Graphic file (type png)
<use figures/assignment_wifi/wifi_pps_energy_J.png>
Package pdftex.def Info: figures/assignment_wifi/wifi_pps_energy_J.png  used on
 input line 660.
(pdftex.def)             Requested size: 217.42265pt x 113.29597pt.
<figures/assignment_wifi/wifi_speed_throughput_Mbps.png, id=417, 806.5332pt x 4
28.19975pt>
File: figures/assignment_wifi/wifi_speed_throughput_Mbps.png Graphic file (type
 png)
<use figures/assignment_wifi/wifi_speed_throughput_Mbps.png>
Package pdftex.def Info: figures/assignment_wifi/wifi_speed_throughput_Mbps.png
  used on input line 672.
(pdftex.def)             Requested size: 217.42265pt x 115.43253pt.
<figures/assignment_wifi/wifi_speed_delay_ms.png, id=418, 821.7099pt x 428.1997
5pt>
File: figures/assignment_wifi/wifi_speed_delay_ms.png Graphic file (type png)
<use figures/assignment_wifi/wifi_speed_delay_ms.png>
Package pdftex.def Info: figures/assignment_wifi/wifi_speed_delay_ms.png  used 
on input line 677.
(pdftex.def)             Requested size: 217.42265pt x 113.29597pt.
<figures/assignment_wifi/wifi_speed_pdr.png, id=419, 814.12155pt x 428.19975pt>

File: figures/assignment_wifi/wifi_speed_pdr.png Graphic file (type png)
<use figures/assignment_wifi/wifi_speed_pdr.png>
Package pdftex.def Info: figures/assignment_wifi/wifi_speed_pdr.png  used on in
put line 683.
(pdftex.def)             Requested size: 217.42265pt x 114.35445pt.
<figures/assignment_wifi/wifi_speed_energy_J.png, id=420, 821.7099pt x 428.1997
5pt>
File: figures/assignment_wifi/wifi_speed_energy_J.png Graphic file (type png)
<use figures/assignment_wifi/wifi_speed_energy_J.png>
Package pdftex.def Info: figures/assignment_wifi/wifi_speed_energy_J.png  used 
on input line 688.
(pdftex.def)             Requested size: 217.42265pt x 113.29597pt.


Package fancyhdr Warning: \headheight is too small (12.0pt): 
(fancyhdr)                Make it at least 13.59999pt, for example:
(fancyhdr)                \setlength{\headheight}{13.59999pt}.
(fancyhdr)                You might also make \topmargin smaller to compensate:

(fancyhdr)                \addtolength{\topmargin}{-1.59999pt}.

[14 <./figures/assignment_wifi/wifi_flows_throughput_Mbps.png> <./figures/assig
nment_wifi/wifi_flows_delay_ms.png> <./figures/assignment_wifi/wifi_flows_pdr.p
ng> <./figures/assignment_wifi/wifi_flows_energy_J.png> <./figures/assignment_w
ifi/wifi_pps_throughput_Mbps.png> <./figures/assignment_wifi/wifi_pps_delay_ms.
png> <./figures/assignment_wifi/wifi_pps_pdr.png> <./figures/assignment_wifi/wi
fi_pps_energy_J.png>]
<figures/assignment_wifi/wifi_bar_throughput_Mbps.png, id=435, 615.37904pt x 41
6.2752pt>
File: figures/assignment_wifi/wifi_bar_throughput_Mbps.png Graphic file (type p
ng)
<use figures/assignment_wifi/wifi_bar_throughput_Mbps.png>
Package pdftex.def Info: figures/assignment_wifi/wifi_bar_throughput_Mbps.png  
used on input line 700.
(pdftex.def)             Requested size: 217.42265pt x 147.07684pt.
<figures/assignment_wifi/wifi_bar_delay_ms.png, id=436, 615.37904pt x 416.2752p
t>
File: figures/assignment_wifi/wifi_bar_delay_ms.png Graphic file (type png)
<use figures/assignment_wifi/wifi_bar_delay_ms.png>
Package pdftex.def Info: figures/assignment_wifi/wifi_bar_delay_ms.png  used on
 input line 705.
(pdftex.def)             Requested size: 217.42265pt x 147.07684pt.
<figures/assignment_wifi/wifi_bar_pdr.png, id=437, 619.3539pt x 416.2752pt>
File: figures/assignment_wifi/wifi_bar_pdr.png Graphic file (type png)
<use figures/assignment_wifi/wifi_bar_pdr.png>
Package pdftex.def Info: figures/assignment_wifi/wifi_bar_pdr.png  used on inpu
t line 711.
(pdftex.def)             Requested size: 217.42265pt x 146.13042pt.
<figures/assignment_wifi/wifi_bar_energy_J.png, id=438, 619.3539pt x 416.2752pt
>
File: figures/assignment_wifi/wifi_bar_energy_J.png Graphic file (type png)
<use figures/assignment_wifi/wifi_bar_energy_J.png>
Package pdftex.def Info: figures/assignment_wifi/wifi_bar_energy_J.png  used on
 input line 716.
(pdftex.def)             Requested size: 217.42265pt x 146.13042pt.


Package fancyhdr Warning: \headheight is too small (12.0pt): 
(fancyhdr)                Make it at least 13.59999pt, for example:
(fancyhdr)                \setlength{\headheight}{13.59999pt}.
(fancyhdr)                You might also make \topmargin smaller to compensate:

(fancyhdr)                \addtolength{\topmargin}{-1.59999pt}.

[15 <./figures/assignment_wifi/wifi_speed_throughput_Mbps.png> <./figures/assig
nment_wifi/wifi_speed_delay_ms.png> <./figures/assignment_wifi/wifi_speed_pdr.p
ng> <./figures/assignment_wifi/wifi_speed_energy_J.png>]
<figures/assignment_wpan/wpan_nodes_throughput_Mbps.png, id=448, 825.68475pt x 
428.19975pt>
File: figures/assignment_wpan/wpan_nodes_throughput_Mbps.png Graphic file (type
 png)
<use figures/assignment_wpan/wpan_nodes_throughput_Mbps.png>
Package pdftex.def Info: figures/assignment_wpan/wpan_nodes_throughput_Mbps.png
  used on input line 732.
(pdftex.def)             Requested size: 217.42265pt x 112.75366pt.
<figures/assignment_wpan/wpan_nodes_delay_ms.png, id=449, 814.12155pt x 428.199
75pt>
File: figures/assignment_wpan/wpan_nodes_delay_ms.png Graphic file (type png)
<use figures/assignment_wpan/wpan_nodes_delay_ms.png>
Package pdftex.def Info: figures/assignment_wpan/wpan_nodes_delay_ms.png  used 
on input line 737.
(pdftex.def)             Requested size: 217.42265pt x 114.35445pt.
<figures/assignment_wpan/wpan_nodes_pdr.png, id=450, 825.68475pt x 428.19975pt>

File: figures/assignment_wpan/wpan_nodes_pdr.png Graphic file (type png)
<use figures/assignment_wpan/wpan_nodes_pdr.png>
Package pdftex.def Info: figures/assignment_wpan/wpan_nodes_pdr.png  used on in
put line 743.
(pdftex.def)             Requested size: 217.42265pt x 112.75366pt.
<figures/assignment_wpan/wpan_nodes_energy_J.png, id=451, 814.12155pt x 428.199
75pt>
File: figures/assignment_wpan/wpan_nodes_energy_J.png Graphic file (type png)
<use figures/assignment_wpan/wpan_nodes_energy_J.png>
Package pdftex.def Info: figures/assignment_wpan/wpan_nodes_energy_J.png  used 
on input line 748.
(pdftex.def)             Requested size: 217.42265pt x 114.35445pt.


Package fancyhdr Warning: \headheight is too small (12.0pt): 
(fancyhdr)                Make it at least 13.59999pt, for example:
(fancyhdr)                \setlength{\headheight}{13.59999pt}.
(fancyhdr)                You might also make \topmargin smaller to compensate:

(fancyhdr)                \addtolength{\topmargin}{-1.59999pt}.

[16 <./figures/assignment_wifi/wifi_bar_throughput_Mbps.png> <./figures/assignm
ent_wifi/wifi_bar_delay_ms.png> <./figures/assignment_wifi/wifi_bar_pdr.png> <.
/figures/assignment_wifi/wifi_bar_energy_J.png>]
<figures/assignment_wpan/wpan_flows_throughput_Mbps.png, id=461, 825.68475pt x 
428.19975pt>
File: figures/assignment_wpan/wpan_flows_throughput_Mbps.png Graphic file (type
 png)
<use figures/assignment_wpan/wpan_flows_throughput_Mbps.png>
Package pdftex.def Info: figures/assignment_wpan/wpan_flows_throughput_Mbps.png
  used on input line 760.
(pdftex.def)             Requested size: 217.42265pt x 112.75366pt.
<figures/assignment_wpan/wpan_flows_delay_ms.png, id=462, 814.12155pt x 428.199
75pt>
File: figures/assignment_wpan/wpan_flows_delay_ms.png Graphic file (type png)
<use figures/assignment_wpan/wpan_flows_delay_ms.png>
Package pdftex.def Info: figures/assignment_wpan/wpan_flows_delay_ms.png  used 
on input line 765.
(pdftex.def)             Requested size: 217.42265pt x 114.35445pt.
<figures/assignment_wpan/wpan_flows_pdr.png, id=463, 814.12155pt x 428.19975pt>

File: figures/assignment_wpan/wpan_flows_pdr.png Graphic file (type png)
<use figures/assignment_wpan/wpan_flows_pdr.png>
Package pdftex.def Info: figures/assignment_wpan/wpan_flows_pdr.png  used on in
put line 771.
(pdftex.def)             Requested size: 217.42265pt x 114.35445pt.
<figures/assignment_wpan/wpan_flows_energy_J.png, id=464, 833.2731pt x 428.1997
5pt>
File: figures/assignment_wpan/wpan_flows_energy_J.png Graphic file (type png)
<use figures/assignment_wpan/wpan_flows_energy_J.png>
Package pdftex.def Info: figures/assignment_wpan/wpan_flows_energy_J.png  used 
on input line 776.
(pdftex.def)             Requested size: 217.42265pt x 111.72786pt.


Package fancyhdr Warning: \headheight is too small (12.0pt): 
(fancyhdr)                Make it at least 13.59999pt, for example:
(fancyhdr)                \setlength{\headheight}{13.59999pt}.
(fancyhdr)                You might also make \topmargin smaller to compensate:

(fancyhdr)                \addtolength{\topmargin}{-1.59999pt}.

[17 <./figures/assignment_wpan/wpan_nodes_throughput_Mbps.png> <./figures/assig
nment_wpan/wpan_nodes_delay_ms.png> <./figures/assignment_wpan/wpan_nodes_pdr.p
ng> <./figures/assignment_wpan/wpan_nodes_energy_J.png>]
<figures/assignment_wpan/wpan_pps_throughput_Mbps.png, id=474, 833.2731pt x 428
.19975pt>
File: figures/assignment_wpan/wpan_pps_throughput_Mbps.png Graphic file (type p
ng)
<use figures/assignment_wpan/wpan_pps_throughput_Mbps.png>
Package pdftex.def Info: figures/assignment_wpan/wpan_pps_throughput_Mbps.png  
used on input line 788.
(pdftex.def)             Requested size: 217.42265pt x 111.72786pt.
<figures/assignment_wpan/wpan_pps_delay_ms.png, id=475, 821.7099pt x 428.19975p
t>
File: figures/assignment_wpan/wpan_pps_delay_ms.png Graphic file (type png)
<use figures/assignment_wpan/wpan_pps_delay_ms.png>
Package pdftex.def Info: figures/assignment_wpan/wpan_pps_delay_ms.png  used on
 input line 793.
(pdftex.def)             Requested size: 217.42265pt x 113.29597pt.
<figures/assignment_wpan/wpan_pps_pdr.png, id=476, 825.68475pt x 428.19975pt>
File: figures/assignment_wpan/wpan_pps_pdr.png Graphic file (type png)
<use figures/assignment_wpan/wpan_pps_pdr.png>
Package pdftex.def Info: figures/assignment_wpan/wpan_pps_pdr.png  used on inpu
t line 799.
(pdftex.def)             Requested size: 217.42265pt x 112.75366pt.
<figures/assignment_wpan/wpan_pps_energy_J.png, id=477, 825.68475pt x 428.19975
pt>
File: figures/assignment_wpan/wpan_pps_energy_J.png Graphic file (type png)
<use figures/assignment_wpan/wpan_pps_energy_J.png>
Package pdftex.def Info: figures/assignment_wpan/wpan_pps_energy_J.png  used on
 input line 804.
(pdftex.def)             Requested size: 217.42265pt x 112.75366pt.
<figures/assignment_wpan/wpan_coverage_throughput_Mbps.png, id=478, 833.2731pt 
x 428.19975pt>
File: figures/assignment_wpan/wpan_coverage_throughput_Mbps.png Graphic file (t
ype png)
<use figures/assignment_wpan/wpan_coverage_throughput_Mbps.png>
Package pdftex.def Info: figures/assignment_wpan/wpan_coverage_throughput_Mbps.
png  used on input line 816.
(pdftex.def)             Requested size: 217.42265pt x 111.72786pt.
<figures/assignment_wpan/wpan_coverage_delay_ms.png, id=479, 821.7099pt x 428.1
9975pt>
File: figures/assignment_wpan/wpan_coverage_delay_ms.png Graphic file (type png
)
<use figures/assignment_wpan/wpan_coverage_delay_ms.png>
Package pdftex.def Info: figures/assignment_wpan/wpan_coverage_delay_ms.png  us
ed on input line 821.
(pdftex.def)             Requested size: 217.42265pt x 113.29597pt.
<figures/assignment_wpan/wpan_coverage_pdr.png, id=480, 817.73505pt x 428.19975
pt>
File: figures/assignment_wpan/wpan_coverage_pdr.png Graphic file (type png)
<use figures/assignment_wpan/wpan_coverage_pdr.png>
Package pdftex.def Info: figures/assignment_wpan/wpan_coverage_pdr.png  used on
 input line 827.
(pdftex.def)             Requested size: 217.42265pt x 113.85135pt.
<figures/assignment_wpan/wpan_coverage_energy_J.png, id=481, 825.68475pt x 428.
19975pt>
File: figures/assignment_wpan/wpan_coverage_energy_J.png Graphic file (type png
)
<use figures/assignment_wpan/wpan_coverage_energy_J.png>
Package pdftex.def Info: figures/assignment_wpan/wpan_coverage_energy_J.png  us
ed on input line 832.
(pdftex.def)             Requested size: 217.42265pt x 112.75366pt.


Package fancyhdr Warning: \headheight is too small (12.0pt): 
(fancyhdr)                Make it at least 13.59999pt, for example:
(fancyhdr)                \setlength{\headheight}{13.59999pt}.
(fancyhdr)                You might also make \topmargin smaller to compensate:

(fancyhdr)                \addtolength{\topmargin}{-1.59999pt}.

[18 <./figures/assignment_wpan/wpan_flows_throughput_Mbps.png> <./figures/assig
nment_wpan/wpan_flows_delay_ms.png> <./figures/assignment_wpan/wpan_flows_pdr.p
ng> <./figures/assignment_wpan/wpan_flows_energy_J.png> <./figures/assignment_w
pan/wpan_pps_throughput_Mbps.png> <./figures/assignment_wpan/wpan_pps_delay_ms.
png> <./figures/assignment_wpan/wpan_pps_pdr.png> <./figures/assignment_wpan/wp
an_pps_energy_J.png>]
<figures/assignment_wpan/wpan_bar_throughput_Mbps.png, id=497, 623.32875pt x 41
6.2752pt>
File: figures/assignment_wpan/wpan_bar_throughput_Mbps.png Graphic file (type p
ng)
<use figures/assignment_wpan/wpan_bar_throughput_Mbps.png>
Package pdftex.def Info: figures/assignment_wpan/wpan_bar_throughput_Mbps.png  
used on input line 844.
(pdftex.def)             Requested size: 217.42265pt x 145.20305pt.
<figures/assignment_wpan/wpan_bar_delay_ms.png, id=498, 615.37904pt x 416.2752p
t>
File: figures/assignment_wpan/wpan_bar_delay_ms.png Graphic file (type png)
<use figures/assignment_wpan/wpan_bar_delay_ms.png>
Package pdftex.def Info: figures/assignment_wpan/wpan_bar_delay_ms.png  used on
 input line 849.
(pdftex.def)             Requested size: 217.42265pt x 147.07684pt.
<figures/assignment_wpan/wpan_bar_pdr.png, id=499, 619.3539pt x 416.2752pt>
File: figures/assignment_wpan/wpan_bar_pdr.png Graphic file (type png)
<use figures/assignment_wpan/wpan_bar_pdr.png>
Package pdftex.def Info: figures/assignment_wpan/wpan_bar_pdr.png  used on inpu
t line 855.
(pdftex.def)             Requested size: 217.42265pt x 146.13042pt.
<figures/assignment_wpan/wpan_bar_energy_J.png, id=500, 615.37904pt x 416.2752p
t>
File: figures/assignment_wpan/wpan_bar_energy_J.png Graphic file (type png)
<use figures/assignment_wpan/wpan_bar_energy_J.png>
Package pdftex.def Info: figures/assignment_wpan/wpan_bar_energy_J.png  used on
 input line 860.
(pdftex.def)             Requested size: 217.42265pt x 147.07684pt.


Package fancyhdr Warning: \headheight is too small (12.0pt): 
(fancyhdr)                Make it at least 13.59999pt, for example:
(fancyhdr)                \setlength{\headheight}{13.59999pt}.
(fancyhdr)                You might also make \topmargin smaller to compensate:

(fancyhdr)                \addtolength{\topmargin}{-1.59999pt}.

[19 <./figures/assignment_wpan/wpan_coverage_throughput_Mbps.png> <./figures/as
signment_wpan/wpan_coverage_delay_ms.png> <./figures/assignment_wpan/wpan_cover
age_pdr.png> <./figures/assignment_wpan/wpan_coverage_energy_J.png>]
<figures/assignment_cross/cross_transmission_throughput_Mbps.png, id=511, 814.1
2155pt x 428.19975pt>
File: figures/assignment_cross/cross_transmission_throughput_Mbps.png Graphic f
ile (type png)
<use figures/assignment_cross/cross_transmission_throughput_Mbps.png>
Package pdftex.def Info: figures/assignment_cross/cross_transmission_throughput
_Mbps.png  used on input line 874.
(pdftex.def)             Requested size: 217.42265pt x 114.35445pt.
<figures/assignment_cross/cross_transmission_delay_ms.png, id=512, 821.7099pt x
 428.19975pt>
File: figures/assignment_cross/cross_transmission_delay_ms.png Graphic file (ty
pe png)
<use figures/assignment_cross/cross_transmission_delay_ms.png>
Package pdftex.def Info: figures/assignment_cross/cross_transmission_delay_ms.p
ng  used on input line 879.
(pdftex.def)             Requested size: 217.42265pt x 113.29597pt.
<figures/assignment_cross/cross_transmission_pdr.png, id=513, 821.7099pt x 428.
19975pt>
File: figures/assignment_cross/cross_transmission_pdr.png Graphic file (type pn
g)
<use figures/assignment_cross/cross_transmission_pdr.png>
Package pdftex.def Info: figures/assignment_cross/cross_transmission_pdr.png  u
sed on input line 885.
(pdftex.def)             Requested size: 217.42265pt x 113.29597pt.
<figures/assignment_cross/cross_transmission_energy_J.png, id=514, 829.29825pt 
x 428.19975pt>
File: figures/assignment_cross/cross_transmission_energy_J.png Graphic file (ty
pe png)
<use figures/assignment_cross/cross_transmission_energy_J.png>
Package pdftex.def Info: figures/assignment_cross/cross_transmission_energy_J.p
ng  used on input line 890.
(pdftex.def)             Requested size: 217.42265pt x 112.26364pt.


Package fancyhdr Warning: \headheight is too small (12.0pt): 
(fancyhdr)                Make it at least 13.59999pt, for example:
(fancyhdr)                \setlength{\headheight}{13.59999pt}.
(fancyhdr)                You might also make \topmargin smaller to compensate:

(fancyhdr)                \addtolength{\topmargin}{-1.59999pt}.

[20 <./figures/assignment_wpan/wpan_bar_throughput_Mbps.png> <./figures/assignm
ent_wpan/wpan_bar_delay_ms.png> <./figures/assignment_wpan/wpan_bar_pdr.png> <.
/figures/assignment_wpan/wpan_bar_energy_J.png>]
<figures/assignment_cross/cross_bar_throughput_Mbps.png, id=524, 615.37904pt x 
416.2752pt>
File: figures/assignment_cross/cross_bar_throughput_Mbps.png Graphic file (type
 png)
<use figures/assignment_cross/cross_bar_throughput_Mbps.png>
Package pdftex.def Info: figures/assignment_cross/cross_bar_throughput_Mbps.png
  used on input line 900.
(pdftex.def)             Requested size: 217.42265pt x 147.07684pt.
<figures/assignment_cross/cross_bar_delay_ms.png, id=525, 619.3539pt x 416.2752
pt>
File: figures/assignment_cross/cross_bar_delay_ms.png Graphic file (type png)
<use figures/assignment_cross/cross_bar_delay_ms.png>
Package pdftex.def Info: figures/assignment_cross/cross_bar_delay_ms.png  used 
on input line 905.
(pdftex.def)             Requested size: 217.42265pt x 146.13042pt.
<figures/assignment_lte/lte_bonus_throughput_Mbps.png, id=526, 814.12155pt x 42
8.19975pt>
File: figures/assignment_lte/lte_bonus_throughput_Mbps.png Graphic file (type p
ng)
<use figures/assignment_lte/lte_bonus_throughput_Mbps.png>
Package pdftex.def Info: figures/assignment_lte/lte_bonus_throughput_Mbps.png  
used on input line 919.
(pdftex.def)             Requested size: 217.42265pt x 114.35445pt.
<figures/assignment_lte/lte_bonus_delay_ms.png, id=527, 814.12155pt x 428.19975
pt>
File: figures/assignment_lte/lte_bonus_delay_ms.png Graphic file (type png)
<use figures/assignment_lte/lte_bonus_delay_ms.png>
Package pdftex.def Info: figures/assignment_lte/lte_bonus_delay_ms.png  used on
 input line 924.
(pdftex.def)             Requested size: 217.42265pt x 114.35445pt.
<figures/assignment_lte/lte_bonus_pdr.png, id=528, 825.68475pt x 428.19975pt>
File: figures/assignment_lte/lte_bonus_pdr.png Graphic file (type png)
<use figures/assignment_lte/lte_bonus_pdr.png>
Package pdftex.def Info: figures/assignment_lte/lte_bonus_pdr.png  used on inpu
t line 930.
(pdftex.def)             Requested size: 217.42265pt x 112.75366pt.
<figures/assignment_lte/lte_bonus_energy_J.png, id=529, 821.7099pt x 428.19975p
t>
File: figures/assignment_lte/lte_bonus_energy_J.png Graphic file (type png)
<use figures/assignment_lte/lte_bonus_energy_J.png>
Package pdftex.def Info: figures/assignment_lte/lte_bonus_energy_J.png  used on
 input line 935.
(pdftex.def)             Requested size: 217.42265pt x 113.29597pt.


Package fancyhdr Warning: \headheight is too small (12.0pt): 
(fancyhdr)                Make it at least 13.59999pt, for example:
(fancyhdr)                \setlength{\headheight}{13.59999pt}.
(fancyhdr)                You might also make \topmargin smaller to compensate:

(fancyhdr)                \addtolength{\topmargin}{-1.59999pt}.

[21 <./figures/assignment_cross/cross_transmission_throughput_Mbps.png> <./figu
res/assignment_cross/cross_transmission_delay_ms.png> <./figures/assignment_cro
ss/cross_transmission_pdr.png> <./figures/assignment_cross/cross_transmission_e
nergy_J.png> <./figures/assignment_cross/cross_bar_throughput_Mbps.png> <./figu
res/assignment_cross/cross_bar_delay_ms.png>]
<figures/assignment_lte/lte_bar_throughput_Mbps.png, id=542, 615.37904pt x 416.
2752pt>
File: figures/assignment_lte/lte_bar_throughput_Mbps.png Graphic file (type png
)
<use figures/assignment_lte/lte_bar_throughput_Mbps.png>
Package pdftex.def Info: figures/assignment_lte/lte_bar_throughput_Mbps.png  us
ed on input line 945.
(pdftex.def)             Requested size: 217.42265pt x 147.07684pt.
<figures/assignment_lte/lte_bar_delay_ms.png, id=543, 615.37904pt x 416.2752pt>

File: figures/assignment_lte/lte_bar_delay_ms.png Graphic file (type png)
<use figures/assignment_lte/lte_bar_delay_ms.png>
Package pdftex.def Info: figures/assignment_lte/lte_bar_delay_ms.png  used on i
nput line 950.
(pdftex.def)             Requested size: 217.42265pt x 147.07684pt.
<figures/combined/combined_comparison.png, id=545, 1431.6687pt x 787.38165pt>
File: figures/combined/combined_comparison.png Graphic file (type png)
<use figures/combined/combined_comparison.png>
Package pdftex.def Info: figures/combined/combined_comparison.png  used on inpu
t line 965.
(pdftex.def)             Requested size: 430.31812pt x 236.66084pt.


Package fancyhdr Warning: \headheight is too small (12.0pt): 
(fancyhdr)                Make it at least 13.59999pt, for example:
(fancyhdr)                \setlength{\headheight}{13.59999pt}.
(fancyhdr)                You might also make \topmargin smaller to compensate:

(fancyhdr)                \addtolength{\topmargin}{-1.59999pt}.

[22 <./figures/assignment_lte/lte_bonus_throughput_Mbps.png> <./figures/assignm
ent_lte/lte_bonus_delay_ms.png> <./figures/assignment_lte/lte_bonus_pdr.png> <.
/figures/assignment_lte/lte_bonus_energy_J.png> <./figures/assignment_lte/lte_b
ar_throughput_Mbps.png> <./figures/assignment_lte/lte_bar_delay_ms.png>]

Package fancyhdr Warning: \headheight is too small (12.0pt): 
(fancyhdr)                Make it at least 13.59999pt, for example:
(fancyhdr)                \setlength{\headheight}{13.59999pt}.
(fancyhdr)                You might also make \topmargin smaller to compensate:

(fancyhdr)                \addtolength{\topmargin}{-1.59999pt}.

[23 <./figures/combined/combined_comparison.png>]

Package fancyhdr Warning: \headheight is too small (12.0pt): 
(fancyhdr)                Make it at least 13.59999pt, for example:
(fancyhdr)                \setlength{\headheight}{13.59999pt}.
(fancyhdr)                You might also make \topmargin smaller to compensate:

(fancyhdr)                \addtolength{\topmargin}{-1.59999pt}.

[24]

Package fancyhdr Warning: \headheight is too small (12.0pt): 
(fancyhdr)                Make it at least 13.59999pt, for example:
(fancyhdr)                \setlength{\headheight}{13.59999pt}.
(fancyhdr)                You might also make \topmargin smaller to compensate:

(fancyhdr)                \addtolength{\topmargin}{-1.59999pt}.

[25]

Package fancyhdr Warning: \headheight is too small (12.0pt): 
(fancyhdr)                Make it at least 13.59999pt, for example:
(fancyhdr)                \setlength{\headheight}{13.59999pt}.
(fancyhdr)                You might also make \topmargin smaller to compensate:

(fancyhdr)                \addtolength{\topmargin}{-1.59999pt}.

[26]

Package fancyhdr Warning: \headheight is too small (12.0pt): 
(fancyhdr)                Make it at least 13.59999pt, for example:
(fancyhdr)                \setlength{\headheight}{13.59999pt}.
(fancyhdr)                You might also make \topmargin smaller to compensate:

(fancyhdr)                \addtolength{\topmargin}{-1.59999pt}.

[27]

Package fancyhdr Warning: \headheight is too small (12.0pt): 
(fancyhdr)                Make it at least 13.59999pt, for example:
(fancyhdr)                \setlength{\headheight}{13.59999pt}.
(fancyhdr)                You might also make \topmargin smaller to compensate:

(fancyhdr)                \addtolength{\topmargin}{-1.59999pt}.

[28]

Package fancyhdr Warning: \headheight is too small (12.0pt): 
(fancyhdr)                Make it at least 13.59999pt, for example:
(fancyhdr)                \setlength{\headheight}{13.59999pt}.
(fancyhdr)                You might also make \topmargin smaller to compensate:

(fancyhdr)                \addtolength{\topmargin}{-1.59999pt}.

[29]
Underfull \hbox (badness 1831) in paragraph at lines 1198--1200
[]\T1/lmr/m/n/12 IEEE Std 802.15.4-2011, [][]``IEEE Stan-dard for Lo-cal and Me
tropoli-tan Area
 []


Package fancyhdr Warning: \headheight is too small (12.0pt): 
(fancyhdr)                Make it at least 13.59999pt, for example:
(fancyhdr)                \setlength{\headheight}{13.59999pt}.
(fancyhdr)                You might also make \topmargin smaller to compensate:

(fancyhdr)                \addtolength{\topmargin}{-1.59999pt}.

[30] (./report.aux)
 ***********
LaTeX2e <2023-11-01> patch level 1
L3 programming layer <2024-01-22>
 ***********


LaTeX Warning: Label(s) may have changed. Rerun to get cross-references right.

Package rerunfilecheck Info: File `report.out' has not changed.
(rerunfilecheck)             Checksum: FAB2FCD032F260314E6040DF7FEDCB86;10890.
 ) 
Here is how much of TeX's memory you used:
 14830 strings out of 476106
 250939 string characters out of 5793934
 1944975 words of memory out of 5000000
 36452 multiletter control sequences out of 15000+600000
 622676 words of font info for 77 fonts, out of 8000000 for 9000
 59 hyphenation exceptions out of 8191
 75i,14n,79p,731b,587s stack positions out of 10000i,1000n,20000p,200000b,200000s
</usr/share/texmf/fonts/type1/public/lm/lmbx10.pfb></usr/share/texmf/fonts/ty
pe1/public/lm/lmbx12.pfb></usr/share/texmf/fonts/type1/public/lm/lmex10.pfb></u
sr/share/texmf/fonts/type1/public/lm/lmmi12.pfb></usr/share/texmf/fonts/type1/p
ublic/lm/lmmi6.pfb></usr/share/texmf/fonts/type1/public/lm/lmmi8.pfb></usr/shar
e/texmf/fonts/type1/public/lm/lmr10.pfb></usr/share/texmf/fonts/type1/public/lm
/lmr12.pfb></usr/share/texmf/fonts/type1/public/lm/lmr8.pfb></usr/share/texmf/f
onts/type1/public/lm/lmri12.pfb></usr/share/texmf/fonts/type1/public/lm/lmsy10.
pfb></usr/share/texmf/fonts/type1/public/lm/lmsy8.pfb></usr/share/texmf/fonts/t
ype1/public/lm/lmtt10.pfb></usr/share/texmf/fonts/type1/public/lm/lmtt12.pfb>
Output written on report.pdf (31 pages, 10151230 bytes).
PDF statistics:
 758 PDF objects out of 1000 (max. 8388607)
 560 compressed objects within 6 object streams
 163 named destinations out of 1000 (max. 500000)
 713 words of extra memory for PDF output out of 10000 (max. 10000000)

