\BOOKMARK [1][-]{section.1}{\376\377\000I\000n\000t\000r\000o\000d\000u\000c\000t\000i\000o\000n}{}% 1
\BOOKMARK [1][-]{section.2}{\376\377\000N\000e\000t\000w\000o\000r\000k\000\040\000T\000o\000p\000o\000l\000o\000g\000i\000e\000s\000\040\000U\000n\000d\000e\000r\000\040\000S\000i\000m\000u\000l\000a\000t\000i\000o\000n}{}% 2
\BOOKMARK [2][-]{subsection.2.1}{\376\377\000T\000o\000p\000o\000l\000o\000g\000y\000\040\0001\000:\000\040\000M\000A\000N\000E\000T\000\040\040\024\000\040\000P\000a\000p\000e\000r\000\040\000S\000c\000e\000n\000a\000r\000i\000o\000\040\000I}{section.2}% 3
\BOOKMARK [2][-]{subsection.2.2}{\376\377\000T\000o\000p\000o\000l\000o\000g\000y\000\040\0002\000:\000\040\000B\000u\000r\000s\000t\000y\000\040\000T\000r\000a\000f\000f\000i\000c\000\040\040\024\000\040\000P\000a\000p\000e\000r\000\040\000S\000c\000e\000n\000a\000r\000i\000o\000\040\000I\000I}{section.2}% 4
\BOOKMARK [2][-]{subsection.2.3}{\376\377\000T\000o\000p\000o\000l\000o\000g\000y\000\040\0003\000:\000\040\000W\000i\000F\000i\000\040\0008\0000\0002\000.\0001\0001\000\040\000M\000o\000b\000i\000l\000e\000\040\000\050\000A\000s\000s\000i\000g\000n\000m\000e\000n\000t\000\040\000P\000r\000i\000m\000a\000r\000y\000\051}{section.2}% 5
\BOOKMARK [2][-]{subsection.2.4}{\376\377\000T\000o\000p\000o\000l\000o\000g\000y\000\040\0004\000:\000\040\000I\000E\000E\000E\000\040\0008\0000\0002\000.\0001\0005\000.\0004\000\040\000S\000t\000a\000t\000i\000c\000\040\000\050\000A\000s\000s\000i\000g\000n\000m\000e\000n\000t\000\040\000P\000r\000i\000m\000a\000r\000y\000\051}{section.2}% 6
\BOOKMARK [2][-]{subsection.2.5}{\376\377\000T\000o\000p\000o\000l\000o\000g\000y\000\040\0005\000:\000\040\000H\000y\000b\000r\000i\000d\000\040\000C\000r\000o\000s\000s\000-\000D\000o\000m\000a\000i\000n\000\040\000\050\000B\000o\000n\000u\000s\000\051}{section.2}% 7
\BOOKMARK [2][-]{subsection.2.6}{\376\377\000T\000o\000p\000o\000l\000o\000g\000y\000\040\0006\000:\000\040\000L\000T\000E\000/\000E\000P\000C\000\040\000C\000e\000l\000l\000u\000l\000a\000r\000\040\000\050\000B\000o\000n\000u\000s\000\051}{section.2}% 8
\BOOKMARK [1][-]{section.3}{\376\377\000P\000a\000r\000a\000m\000e\000t\000e\000r\000s\000\040\000U\000n\000d\000e\000r\000\040\000V\000a\000r\000i\000a\000t\000i\000o\000n}{}% 9
\BOOKMARK [1][-]{section.4}{\376\377\000M\000e\000t\000h\000o\000d\000o\000l\000o\000g\000y\000\040\000/\000\040\000I\000m\000p\000l\000e\000m\000e\000n\000t\000a\000t\000i\000o\000n\000\040\000D\000e\000t\000a\000i\000l\000s}{}% 10
\BOOKMARK [2][-]{subsection.4.1}{\376\377\000O\000v\000e\000r\000a\000l\000l\000\040\000A\000r\000c\000h\000i\000t\000e\000c\000t\000u\000r\000e}{section.4}% 11
\BOOKMARK [2][-]{subsection.4.2}{\376\377\000A\000l\000g\000o\000r\000i\000t\000h\000m\000\040\0001\000:\000\040\000F\000i\000x\000e\000d\000-\000S\000h\000a\000r\000e\000\040\000E\000x\000p\000e\000r\000t\000s\000\040\000\050\000P\000a\000p\000e\000r\000\040\000B\000a\000s\000e\000l\000i\000n\000e\000\051}{section.4}% 12
\BOOKMARK [2][-]{subsection.4.3}{\376\377\000A\000l\000g\000o\000r\000i\000t\000h\000m\000\040\0002\000:\000\040\000A\000d\000a\000p\000t\000i\000v\000e\000\040\000E\000x\000p\000e\000r\000t\000s\000\040\000\050\000M\000o\000d\000i\000f\000i\000e\000d\000\051}{section.4}% 13
\BOOKMARK [2][-]{subsection.4.4}{\376\377\000A\000l\000g\000o\000r\000i\000t\000h\000m\000\040\0003\000:\000\040\000K\000a\000l\000m\000a\000n\000\040\000F\000i\000l\000t\000e\000r}{section.4}% 14
\BOOKMARK [2][-]{subsection.4.5}{\376\377\000A\000l\000g\000o\000r\000i\000t\000h\000m\000\040\0004\000:\000\040\000E\000W\000M\000A\000\040\000\050\000L\000i\000g\000h\000t\000w\000e\000i\000g\000h\000t\000\040\000M\000L\000\051}{section.4}% 15
\BOOKMARK [1][-]{section.5}{\376\377\000M\000o\000d\000i\000f\000i\000c\000a\000t\000i\000o\000n\000s\000\040\000M\000a\000d\000e\000\040\000i\000n\000\040\000t\000h\000e\000\040\000S\000i\000m\000u\000l\000a\000t\000o\000r}{}% 16
\BOOKMARK [2][-]{subsection.5.1}{\376\377\000C\000o\000r\000e\000\040\000T\000C\000P\000\040\000M\000o\000d\000e\000l\000\040\000F\000i\000l\000e\000s\000\040\000\050\000s\000r\000c\000/\000i\000n\000t\000e\000r\000n\000e\000t\000/\000m\000o\000d\000e\000l\000/\000\051}{section.5}% 17
\BOOKMARK [2][-]{subsection.5.2}{\376\377\000K\000e\000y\000\040\000I\000m\000p\000l\000e\000m\000e\000n\000t\000a\000t\000i\000o\000n\000\040\000D\000e\000t\000a\000i\000l\000s}{section.5}% 18
\BOOKMARK [2][-]{subsection.5.3}{\376\377\000S\000i\000m\000u\000l\000a\000t\000i\000o\000n\000\040\000S\000c\000e\000n\000a\000r\000i\000o\000s\000\040\000\050\000s\000c\000r\000a\000t\000c\000h\000/\000\051}{section.5}% 19
\BOOKMARK [1][-]{section.6}{\376\377\000R\000e\000s\000u\000l\000t\000s}{}% 20
\BOOKMARK [2][-]{subsection.6.1}{\376\377\000P\000a\000p\000e\000r\000\040\000S\000c\000e\000n\000a\000r\000i\000o\000\040\000I\000:\000\040\000M\000A\000N\000E\000T\000\040\000w\000i\000t\000h\000\040\000V\000a\000r\000i\000e\000d\000\040\000F\000l\000o\000w\000s}{section.6}% 21
\BOOKMARK [2][-]{subsection.6.2}{\376\377\000P\000a\000p\000e\000r\000\040\000S\000c\000e\000n\000a\000r\000i\000o\000\040\000I\000I\000:\000\040\000B\000u\000r\000s\000t\000y\000\040\000T\000r\000a\000f\000f\000i\000c\000\040\000w\000i\000t\000h\000\040\000V\000a\000r\000i\000e\000d\000\040\000S\000p\000e\000e\000d}{section.6}% 22
\BOOKMARK [2][-]{subsection.6.3}{\376\377\000W\000i\000F\000i\000\040\0008\0000\0002\000.\0001\0001\000\040\000M\000o\000b\000i\000l\000e\000\040\000\050\000A\000s\000s\000i\000g\000n\000m\000e\000n\000t\000\040\040\024\000\040\000P\000r\000i\000m\000a\000r\000y\000\040\000T\000o\000p\000o\000l\000o\000g\000y\000\051}{section.6}% 23
\BOOKMARK [3][-]{subsubsection.6.3.1}{\376\377\000N\000o\000d\000e\000\040\000C\000o\000u\000n\000t\000\040\000S\000w\000e\000e\000p}{subsection.6.3}% 24
\BOOKMARK [3][-]{subsubsection.6.3.2}{\376\377\000F\000l\000o\000w\000\040\000C\000o\000u\000n\000t\000\040\000S\000w\000e\000e\000p}{subsection.6.3}% 25
\BOOKMARK [3][-]{subsubsection.6.3.3}{\376\377\000P\000a\000c\000k\000e\000t\000s\000\040\000p\000e\000r\000\040\000S\000e\000c\000o\000n\000d\000\040\000S\000w\000e\000e\000p}{subsection.6.3}% 26
\BOOKMARK [3][-]{subsubsection.6.3.4}{\376\377\000M\000o\000b\000i\000l\000i\000t\000y\000\040\000S\000p\000e\000e\000d\000\040\000S\000w\000e\000e\000p}{subsection.6.3}% 27
\BOOKMARK [3][-]{subsubsection.6.3.5}{\376\377\000W\000i\000F\000i\000\040\000O\000v\000e\000r\000a\000l\000l\000\040\000B\000a\000r\000\040\000C\000o\000m\000p\000a\000r\000i\000s\000o\000n}{subsection.6.3}% 28
\BOOKMARK [2][-]{subsection.6.4}{\376\377\000I\000E\000E\000E\000\040\0008\0000\0002\000.\0001\0005\000.\0004\000\040\000S\000t\000a\000t\000i\000c\000\040\000\050\000A\000s\000s\000i\000g\000n\000m\000e\000n\000t\000\040\040\024\000\040\000P\000r\000i\000m\000a\000r\000y\000\040\000T\000o\000p\000o\000l\000o\000g\000y\000\051}{section.6}% 29
\BOOKMARK [3][-]{subsubsection.6.4.1}{\376\377\000N\000o\000d\000e\000\040\000C\000o\000u\000n\000t\000\040\000S\000w\000e\000e\000p}{subsection.6.4}% 30
\BOOKMARK [3][-]{subsubsection.6.4.2}{\376\377\000F\000l\000o\000w\000\040\000C\000o\000u\000n\000t\000\040\000S\000w\000e\000e\000p}{subsection.6.4}% 31
\BOOKMARK [3][-]{subsubsection.6.4.3}{\376\377\000P\000a\000c\000k\000e\000t\000s\000\040\000p\000e\000r\000\040\000S\000e\000c\000o\000n\000d\000\040\000S\000w\000e\000e\000p}{subsection.6.4}% 32
\BOOKMARK [3][-]{subsubsection.6.4.4}{\376\377\000C\000o\000v\000e\000r\000a\000g\000e\000\040\000M\000u\000l\000t\000i\000p\000l\000i\000e\000r\000\040\000S\000w\000e\000e\000p}{subsection.6.4}% 33
\BOOKMARK [3][-]{subsubsection.6.4.5}{\376\377\000W\000P\000A\000N\000\040\000O\000v\000e\000r\000a\000l\000l\000\040\000B\000a\000r\000\040\000C\000o\000m\000p\000a\000r\000i\000s\000o\000n}{subsection.6.4}% 34
\BOOKMARK [2][-]{subsection.6.5}{\376\377\000H\000y\000b\000r\000i\000d\000\040\000C\000r\000o\000s\000s\000-\000D\000o\000m\000a\000i\000n\000\040\000\050\000B\000o\000n\000u\000s\000\040\000T\000o\000p\000o\000l\000o\000g\000y\000\051}{section.6}% 35
\BOOKMARK [2][-]{subsection.6.6}{\376\377\000L\000T\000E\000/\000E\000P\000C\000\040\000C\000e\000l\000l\000u\000l\000a\000r\000\040\000\050\000B\000o\000n\000u\000s\000\040\000T\000o\000p\000o\000l\000o\000g\000y\000\051}{section.6}% 36
\BOOKMARK [2][-]{subsection.6.7}{\376\377\000C\000r\000o\000s\000s\000-\000T\000o\000p\000o\000l\000o\000g\000y\000\040\000C\000o\000m\000b\000i\000n\000e\000d\000\040\000C\000o\000m\000p\000a\000r\000i\000s\000o\000n}{section.6}% 37
\BOOKMARK [1][-]{section.7}{\376\377\000C\000o\000m\000p\000a\000r\000a\000t\000i\000v\000e\000\040\000A\000n\000a\000l\000y\000s\000i\000s\000\040\000w\000i\000t\000h\000\040\000B\000a\000s\000e\000\040\000P\000a\000p\000e\000r}{}% 38
\BOOKMARK [2][-]{subsection.7.1}{\376\377\000F\000a\000i\000t\000h\000f\000u\000l\000\040\000R\000e\000p\000r\000o\000d\000u\000c\000t\000i\000o\000n}{section.7}% 39
\BOOKMARK [2][-]{subsection.7.2}{\376\377\000S\000i\000m\000i\000l\000a\000r\000i\000t\000i\000e\000s\000\040\000i\000n\000\040\000R\000e\000s\000u\000l\000t\000s}{section.7}% 40
\BOOKMARK [2][-]{subsection.7.3}{\376\377\000D\000i\000f\000f\000e\000r\000e\000n\000c\000e\000s\000\040\000a\000n\000d\000\040\000E\000x\000p\000l\000a\000n\000a\000t\000i\000o\000n\000s}{section.7}% 41
\BOOKMARK [2][-]{subsection.7.4}{\376\377\000N\000o\000v\000e\000l\000\040\000F\000i\000n\000d\000i\000n\000g\000s\000\040\000B\000e\000y\000o\000n\000d\000\040\000t\000h\000e\000\040\000P\000a\000p\000e\000r}{section.7}% 42
\BOOKMARK [1][-]{section.8}{\376\377\000S\000u\000m\000m\000a\000r\000y\000\040\000o\000f\000\040\000F\000i\000n\000d\000i\000n\000g\000s}{}% 43
\BOOKMARK [1][-]{section.9}{\376\377\000D\000i\000s\000c\000u\000s\000s\000i\000o\000n\000\040\000/\000\040\000R\000e\000f\000l\000e\000c\000t\000i\000o\000n\000\040\000o\000n\000\040\000F\000i\000n\000d\000i\000n\000g\000s}{}% 44
\BOOKMARK [2][-]{subsection.9.1}{\376\377\000O\000n\000\040\000t\000h\000e\000\040\000T\000h\000r\000o\000u\000g\000h\000p\000u\000t\040\023\000D\000e\000l\000a\000y\000\040\000T\000r\000a\000d\000e\000-\000o\000f\000f}{section.9}% 45
\BOOKMARK [2][-]{subsection.9.2}{\376\377\000O\000n\000\040\000P\000r\000e\000d\000i\000c\000t\000o\000r\000\040\000C\000o\000m\000p\000l\000e\000x\000i\000t\000y\000\040\000v\000s\000.\000\040\000P\000e\000r\000f\000o\000r\000m\000a\000n\000c\000e}{section.9}% 46
\BOOKMARK [2][-]{subsection.9.3}{\376\377\000O\000n\000\040\000G\000e\000n\000e\000r\000a\000l\000i\000z\000a\000t\000i\000o\000n\000\040\000A\000c\000r\000o\000s\000s\000\040\000T\000o\000p\000o\000l\000o\000g\000i\000e\000s}{section.9}% 47
\BOOKMARK [1][-]{section.10}{\376\377\000C\000o\000n\000c\000l\000u\000s\000i\000o\000n}{}% 48
\BOOKMARK [1][-]{section.11}{\376\377\000F\000u\000t\000u\000r\000e\000\040\000W\000o\000r\000k}{}% 49
